Andreys-MacBook-Pro:ansible astepanchak$ ansible-playbook site.yaml 
[DEPRECATION WARNING]: The TRANSFORM_INVALID_GROUP_CHARS settings is set to allow bad characters in group names by default, this will 
change, but still be user configurable on deprecation. This feature will be removed in version 2.10. Deprecation warnings can be disabled
 by setting deprecation_warnings=False in ansible.cfg.
 [WARNING]: Invalid characters were found in group names but not replaced, use -vvvv to see details

 [WARNING]: Found both group and host with same name: bastion

 [WARNING]: Skipping plugin (/usr/local/Cellar/ansible/2.8.1/libexec/lib/python3.7/site-packages/ansible/plugins/connection/httpapi.py)
as it seems to be invalid: module 'http.client' has no attribute 'HTTPSConnection'

 [WARNING]: Skipping plugin (/usr/local/Cellar/ansible/2.8.1/libexec/lib/python3.7/site-
packages/ansible/plugins/connection/vmware_tools.py) as it seems to be invalid:
dlopen(/usr/local/Cellar/ansible/2.8.1/libexec/lib/python3.7/lib-dynload/_ssl.cpython-37m-darwin.so, 2): Library not loaded:
/usr/local/opt/openssl/lib/libssl.1.0.0.dylib   Referenced from: /usr/local/Cellar/ansible/2.8.1/libexec/lib/python3.7/lib-
dynload/_ssl.cpython-37m-darwin.so   Reason: image not found

 [WARNING]: Skipping plugin (/usr/local/Cellar/ansible/2.8.1/libexec/lib/python3.7/site-
packages/ansible/plugins/callback/grafana_annotations.py) as it seems to be invalid: module 'http.client' has no attribute
'HTTPSConnection'

 [WARNING]: Skipping plugin (/usr/local/Cellar/ansible/2.8.1/libexec/lib/python3.7/site-packages/ansible/plugins/callback/hipchat.py) as
it seems to be invalid: module 'http.client' has no attribute 'HTTPSConnection'

 [WARNING]: Skipping plugin (/usr/local/Cellar/ansible/2.8.1/libexec/lib/python3.7/site-packages/ansible/plugins/callback/nrdp.py) as it
seems to be invalid: module 'http.client' has no attribute 'HTTPSConnection'

 [WARNING]: Skipping plugin (/usr/local/Cellar/ansible/2.8.1/libexec/lib/python3.7/site-packages/ansible/plugins/callback/slack.py) as it
seems to be invalid: module 'http.client' has no attribute 'HTTPSConnection'

 [WARNING]: Skipping plugin (/usr/local/Cellar/ansible/2.8.1/libexec/lib/python3.7/site-packages/ansible/plugins/callback/splunk.py) as
it seems to be invalid: module 'http.client' has no attribute 'HTTPSConnection'

 [WARNING]: Skipping plugin (/usr/local/Cellar/ansible/2.8.1/libexec/lib/python3.7/site-packages/ansible/plugins/callback/sumologic.py)
as it seems to be invalid: module 'http.client' has no attribute 'HTTPSConnection'


PLAY [etcd] ******************************************************************************************************************************

TASK [Gathering Facts] *******************************************************************************************************************
ok: [etcd2]
ok: [etcd0]
ok: [etcd1]

TASK [etcd : Private DNS CNAME] **********************************************************************************************************
ok: [etcd0]
ok: [etcd2]
ok: [etcd1]

TASK [etcd : Create etcd data volume mount point] ****************************************************************************************
changed: [etcd0]
changed: [etcd2]
changed: [etcd1]

TASK [etcd : Create data volume file system] *********************************************************************************************
changed: [etcd1]
changed: [etcd0]
changed: [etcd2]

TASK [etcd : Mount data volume] **********************************************************************************************************
changed: [etcd0]
changed: [etcd2]
changed: [etcd1]

TASK [etcd : Download etcd] **************************************************************************************************************
changed: [etcd1]
changed: [etcd0]
changed: [etcd2]

TASK [etcd : Unpack etcd] ****************************************************************************************************************
changed: [etcd2]
changed: [etcd0]
changed: [etcd1]

TASK [etcd : Copy etcd binaries] *********************************************************************************************************
changed: [etcd1] => (item=etcd)
changed: [etcd2] => (item=etcd)
changed: [etcd0] => (item=etcd)
changed: [etcd0] => (item=etcdctl)
changed: [etcd1] => (item=etcdctl)
changed: [etcd2] => (item=etcdctl)

TASK [etcd : Add etcd systemd unit] ******************************************************************************************************
changed: [etcd2]
changed: [etcd1]
changed: [etcd0]

TASK [etcd : Reload systemd] *************************************************************************************************************
changed: [etcd0]
changed: [etcd1]
changed: [etcd2]

TASK [etcd : Enable etcd service] ********************************************************************************************************
changed: [etcd2]
changed: [etcd1]
changed: [etcd0]

TASK [etcd : Restart etcd] ***************************************************************************************************************
changed: [etcd1]
changed: [etcd0]
changed: [etcd2]

TASK [etcd : Wait for etcd listening] ****************************************************************************************************
ok: [etcd1]
ok: [etcd0]
ok: [etcd2]

TASK [etcd : Verify etcd the cluster is healthy] *****************************************************************************************
changed: [etcd2]
changed: [etcd0]
changed: [etcd1]

PLAY RECAP *******************************************************************************************************************************
etcd0                      : ok=14   changed=11   unreachable=0    failed=0    skipped=0    rescued=0    ignored=0   
etcd1                      : ok=14   changed=11   unreachable=0    failed=0    skipped=0    rescued=0    ignored=0   
etcd2                      : ok=14   changed=11   unreachable=0    failed=0    skipped=0    rescued=0    ignored=0  
